mode: count
data-processing/internal/domain/mocks.go:16.27,20.19 3 0
data-processing/internal/domain/mocks.go:20.19,20.49 1 0
data-processing/internal/domain/mocks.go:22.2,22.13 1 0
data-processing/internal/domain/mocks.go:34.75,36.2 1 0
data-processing/internal/domain/mocks.go:39.75,42.19 2 0
data-processing/internal/domain/mocks.go:42.19,43.52 1 0
data-processing/internal/domain/mocks.go:46.2,47.63 2 0
data-processing/internal/domain/mocks.go:47.63,49.3 1 0
data-processing/internal/domain/mocks.go:49.8,51.3 1 0
data-processing/internal/domain/mocks.go:52.2,52.11 1 0
data-processing/internal/domain/mocks.go:62.115,64.2 1 0
data-processing/internal/domain/mocks.go:66.124,67.40 1 0
data-processing/internal/domain/mocks.go:67.40,69.21 2 0
data-processing/internal/domain/mocks.go:69.21,71.4 1 0
data-processing/internal/domain/mocks.go:72.3,74.4 1 0
data-processing/internal/domain/mocks.go:76.2,76.11 1 0
data-processing/internal/domain/mocks.go:79.107,82.2 2 0
data-processing/internal/domain/mocks.go:84.139,87.2 2 0
data-processing/internal/domain/mocks.go:90.68,93.19 2 0
data-processing/internal/domain/mocks.go:93.19,94.48 1 0
data-processing/internal/domain/mocks.go:97.2,98.61 2 0
data-processing/internal/domain/mocks.go:98.61,100.3 1 0
data-processing/internal/domain/mocks.go:100.8,102.3 1 0
data-processing/internal/domain/mocks.go:103.2,103.11 1 0
data-processing/internal/domain/mocks.go:113.106,115.2 1 0
data-processing/internal/domain/mocks.go:117.113,118.40 1 0
data-processing/internal/domain/mocks.go:118.40,120.21 2 0
data-processing/internal/domain/mocks.go:120.21,122.4 1 0
data-processing/internal/domain/mocks.go:123.3,125.4 1 0
data-processing/internal/domain/mocks.go:127.2,127.11 1 0
data-processing/internal/domain/mocks.go:130.99,133.2 2 0
data-processing/internal/domain/mocks.go:135.128,138.2 2 0
data-processing/internal/domain/mocks.go:141.72,144.19 2 0
data-processing/internal/domain/mocks.go:144.19,145.50 1 0
data-processing/internal/domain/mocks.go:148.2,150.68 3 0
data-processing/internal/domain/mocks.go:150.68,152.3 1 0
data-processing/internal/domain/mocks.go:153.2,153.59 1 0
data-processing/internal/domain/mocks.go:153.59,155.3 1 0
data-processing/internal/domain/mocks.go:155.8,156.24 1 0
data-processing/internal/domain/mocks.go:156.24,158.4 1 0
data-processing/internal/domain/mocks.go:160.2,160.56 1 0
data-processing/internal/domain/mocks.go:160.56,162.3 1 0
data-processing/internal/domain/mocks.go:162.8,164.3 1 0
data-processing/internal/domain/mocks.go:165.2,165.15 1 0
data-processing/internal/domain/mocks.go:175.105,177.2 1 0
data-processing/internal/domain/mocks.go:179.107,180.40 1 0
data-processing/internal/domain/mocks.go:180.40,182.21 2 0
data-processing/internal/domain/mocks.go:182.21,184.4 1 0
data-processing/internal/domain/mocks.go:185.3,187.4 1 0
data-processing/internal/domain/mocks.go:189.2,189.11 1 0
data-processing/internal/domain/mocks.go:192.121,195.2 2 0
data-processing/internal/domain/mocks.go:197.134,200.2 2 0
data-processing/internal/domain/mocks.go:203.66,206.19 2 0
data-processing/internal/domain/mocks.go:206.19,207.48 1 0
data-processing/internal/domain/mocks.go:210.2,212.67 3 0
data-processing/internal/domain/mocks.go:212.67,214.3 1 0
data-processing/internal/domain/mocks.go:215.2,215.58 1 0
data-processing/internal/domain/mocks.go:215.58,217.3 1 0
data-processing/internal/domain/mocks.go:217.8,218.24 1 0
data-processing/internal/domain/mocks.go:218.24,220.4 1 0
data-processing/internal/domain/mocks.go:222.2,222.53 1 0
data-processing/internal/domain/mocks.go:222.53,224.3 1 0
data-processing/internal/domain/mocks.go:224.8,226.3 1 0
data-processing/internal/domain/mocks.go:227.2,227.15 1 0
data-processing/internal/domain/mocks.go:236.87,238.2 1 0
data-processing/internal/domain/mocks.go:240.97,241.40 1 0
data-processing/internal/domain/mocks.go:241.40,243.3 1 0
data-processing/internal/domain/mocks.go:244.2,244.11 1 0
data-processing/internal/domain/mocks.go:247.120,250.2 2 0
data-processing/internal/domain/mocks.go:252.126,255.2 2 0
data-processing/internal/domain/mocks.go:258.68,261.19 2 0
data-processing/internal/domain/mocks.go:261.19,262.48 1 0
data-processing/internal/domain/mocks.go:265.2,266.61 2 0
data-processing/internal/domain/mocks.go:266.61,268.3 1 0
data-processing/internal/domain/mocks.go:268.8,270.3 1 0
data-processing/internal/domain/mocks.go:271.2,271.11 1 0
data-processing/internal/domain/mocks.go:281.106,283.2 1 0
data-processing/internal/domain/mocks.go:285.113,286.40 1 0
data-processing/internal/domain/mocks.go:286.40,288.21 2 0
data-processing/internal/domain/mocks.go:288.21,290.4 1 0
data-processing/internal/domain/mocks.go:291.3,293.4 1 0
data-processing/internal/domain/mocks.go:295.2,295.11 1 0
data-processing/internal/domain/mocks.go:298.99,301.2 2 0
data-processing/internal/domain/mocks.go:303.128,306.2 2 0
data-processing/internal/domain/mocks.go:313.16,317.19 3 0
data-processing/internal/domain/mocks.go:317.19,317.49 1 0
data-processing/internal/domain/mocks.go:319.2,319.13 1 0
data-processing/internal/domain/mocks.go:331.53,333.2 1 0
data-processing/internal/domain/mocks.go:336.68,337.19 1 0
data-processing/internal/domain/mocks.go:337.19,339.3 1 0
data-processing/internal/domain/mocks.go:339.8,341.3 1 0
data-processing/internal/domain/mocks.go:343.2,343.8 1 0
data-processing/internal/domain/mocks.go:354.102,357.2 1 0
data-processing/internal/domain/mocks.go:359.107,360.40 1 0
data-processing/internal/domain/mocks.go:360.40,362.21 2 0
data-processing/internal/domain/mocks.go:362.21,364.4 1 0
data-processing/internal/domain/mocks.go:365.3,367.20 3 0
data-processing/internal/domain/mocks.go:367.20,369.4 1 0
data-processing/internal/domain/mocks.go:370.3,374.4 2 0
data-processing/internal/domain/mocks.go:376.2,376.11 1 0
data-processing/internal/domain/mocks.go:379.66,382.2 2 0
data-processing/internal/domain/mocks.go:384.116,387.2 2 0
data-processing/internal/domain/mocks.go:390.68,391.19 1 0
data-processing/internal/domain/mocks.go:391.19,393.3 1 0
data-processing/internal/domain/mocks.go:393.8,395.3 1 0
data-processing/internal/domain/mocks.go:397.2,397.8 1 0
data-processing/internal/domain/mocks.go:408.102,411.2 1 0
data-processing/internal/domain/mocks.go:413.107,414.40 1 0
data-processing/internal/domain/mocks.go:414.40,416.21 2 0
data-processing/internal/domain/mocks.go:416.21,418.4 1 0
data-processing/internal/domain/mocks.go:419.3,421.20 3 0
data-processing/internal/domain/mocks.go:421.20,423.4 1 0
data-processing/internal/domain/mocks.go:424.3,428.4 2 0
data-processing/internal/domain/mocks.go:430.2,430.11 1 0
data-processing/internal/domain/mocks.go:433.66,436.2 2 0
data-processing/internal/domain/mocks.go:438.116,441.2 2 0
data-processing/internal/domain/mocks.go:444.67,445.19 1 0
data-processing/internal/domain/mocks.go:445.19,447.3 1 0
data-processing/internal/domain/mocks.go:447.8,449.3 1 0
data-processing/internal/domain/mocks.go:451.2,451.8 1 0
data-processing/internal/domain/mocks.go:462.100,465.2 1 0
data-processing/internal/domain/mocks.go:467.105,468.40 1 0
data-processing/internal/domain/mocks.go:468.40,470.21 2 0
data-processing/internal/domain/mocks.go:470.21,472.4 1 0
data-processing/internal/domain/mocks.go:473.3,475.20 3 0
data-processing/internal/domain/mocks.go:475.20,477.4 1 0
data-processing/internal/domain/mocks.go:478.3,482.4 2 0
data-processing/internal/domain/mocks.go:484.2,484.11 1 0
data-processing/internal/domain/mocks.go:487.64,490.2 2 0
data-processing/internal/domain/mocks.go:492.114,495.2 2 0
data-processing/internal/domain/mocks.go:498.98,501.2 2 0
data-processing/internal/domain/mocks.go:513.155,515.2 1 0
data-processing/internal/domain/mocks.go:517.140,518.40 1 0
data-processing/internal/domain/mocks.go:518.40,520.21 2 0
data-processing/internal/domain/mocks.go:520.21,522.4 1 0
data-processing/internal/domain/mocks.go:523.3,524.21 2 0
data-processing/internal/domain/mocks.go:524.21,526.4 1 0
data-processing/internal/domain/mocks.go:527.3,528.21 2 0
data-processing/internal/domain/mocks.go:528.21,530.4 1 0
data-processing/internal/domain/mocks.go:531.3,532.21 2 0
data-processing/internal/domain/mocks.go:532.21,534.4 1 0
data-processing/internal/domain/mocks.go:535.3,540.4 1 0
data-processing/internal/domain/mocks.go:542.2,542.11 1 0
data-processing/internal/domain/mocks.go:545.72,548.2 2 0
data-processing/internal/domain/mocks.go:550.149,553.2 2 0
data-processing/internal/delivery/http/handler.go:23.62,25.2 1 0
data-processing/internal/delivery/http/handler.go:27.49,30.2 3 0
data-processing/internal/delivery/http/handler.go:30.2,32.3 1 0
data-processing/internal/delivery/http/handler.go:50.46,52.47 2 0
data-processing/internal/delivery/http/handler.go:52.47,55.3 2 0
data-processing/internal/delivery/http/handler.go:58.2,64.12 3 0
data-processing/internal/delivery/http/handler.go:64.12,65.38 1 0
data-processing/internal/delivery/http/handler.go:65.38,68.4 1 0
data-processing/internal/delivery/http/handler.go:71.2,72.16 2 0
data-processing/internal/delivery/http/handler.go:72.16,75.3 2 0
data-processing/internal/delivery/http/handler.go:77.2,80.4 1 0
data-processing/main.go:22.13,28.16 4 0
data-processing/main.go:28.16,30.3 1 0
data-processing/main.go:32.2,40.52 7 0
data-processing/main.go:40.52,42.3 1 0
data-processing/docs/docs.go:93.13,95.2 1 0
data-processing/pkg/database/postgres.go:12.50,16.16 2 0
data-processing/pkg/database/postgres.go:16.16,18.3 1 0
data-processing/pkg/database/postgres.go:20.2,20.16 1 0
data-processing/pkg/csv/reader.go:15.26,17.2 1 0
data-processing/pkg/csv/reader.go:19.72,21.16 2 0
data-processing/pkg/csv/reader.go:21.16,23.3 1 0
data-processing/pkg/csv/reader.go:25.2,26.16 2 0
data-processing/pkg/csv/reader.go:26.16,28.3 1 0
data-processing/pkg/csv/reader.go:29.2,33.16 4 0
data-processing/pkg/csv/reader.go:33.16,35.3 1 0
data-processing/pkg/csv/reader.go:37.2,39.33 2 0
data-processing/pkg/csv/reader.go:39.33,40.13 1 0
data-processing/pkg/csv/reader.go:40.13,41.12 1 0
data-processing/pkg/csv/reader.go:44.3,44.22 1 0
data-processing/pkg/csv/reader.go:44.22,45.12 1 0
data-processing/pkg/csv/reader.go:48.3,63.5 1 0
data-processing/pkg/csv/reader.go:66.2,66.24 1 0
data-processing/pkg/logger/logger.go:13.29,15.2 1 0
data-processing/pkg/logger/logger.go:17.62,19.2 1 0
data-processing/pkg/logger/logger.go:21.63,23.2 1 0
data-processing/pkg/logger/logger.go:25.63,27.2 1 0
data-processing/pkg/logger/logger.go:29.89,33.2 2 0
data-processing/internal/repository/gorm_repository.go:18.62,20.2 1 14
data-processing/internal/repository/gorm_repository.go:22.64,24.2 1 2
data-processing/internal/repository/gorm_repository.go:26.64,28.2 1 2
data-processing/internal/repository/gorm_repository.go:30.68,33.16 3 3
data-processing/internal/repository/gorm_repository.go:33.16,34.45 1 2
data-processing/internal/repository/gorm_repository.go:34.45,36.4 1 1
data-processing/internal/repository/gorm_repository.go:37.3,37.18 1 1
data-processing/internal/repository/gorm_repository.go:39.2,39.22 1 1
data-processing/internal/repository/gorm_repository.go:42.71,43.24 1 3
data-processing/internal/repository/gorm_repository.go:43.24,45.3 1 1
data-processing/internal/repository/gorm_repository.go:47.2,51.42 1 2
data-processing/internal/repository/gorm_repository.go:54.62,58.2 3 3
data-processing/internal/usecase/csv_processor.go:28.30,36.2 1 1
data-processing/internal/usecase/csv_processor.go:41.32,50.37 4 0
data-processing/internal/usecase/csv_processor.go:50.37,54.17 3 0
data-processing/internal/usecase/csv_processor.go:54.17,57.12 3 0
data-processing/internal/usecase/csv_processor.go:60.3,65.72 6 0
data-processing/internal/usecase/csv_processor.go:68.2,73.25 4 0
data-processing/internal/usecase/csv_processor.go:79.31,82.16 2 0
data-processing/internal/usecase/csv_processor.go:82.16,84.3 1 0
data-processing/internal/usecase/csv_processor.go:86.2,95.37 6 0
data-processing/internal/usecase/csv_processor.go:95.37,98.3 2 0
data-processing/internal/usecase/csv_processor.go:101.2,101.12 1 0
data-processing/internal/usecase/csv_processor.go:101.12,102.34 1 0
data-processing/internal/usecase/csv_processor.go:102.34,107.4 1 0
data-processing/internal/usecase/csv_processor.go:108.3,108.17 1 0
data-processing/internal/usecase/csv_processor.go:112.2,112.12 1 0
data-processing/internal/usecase/csv_processor.go:112.12,115.3 2 0
data-processing/internal/usecase/csv_processor.go:118.2,125.33 4 0
data-processing/internal/usecase/csv_processor.go:125.33,128.26 2 0
data-processing/internal/usecase/csv_processor.go:128.26,134.4 4 0
data-processing/internal/usecase/csv_processor.go:134.9,135.23 1 0
data-processing/internal/usecase/csv_processor.go:135.23,137.5 1 0
data-processing/internal/usecase/csv_processor.go:137.10,139.5 1 0
data-processing/internal/usecase/csv_processor.go:140.4,143.33 2 0
data-processing/internal/usecase/csv_processor.go:143.33,144.52 1 0
data-processing/internal/usecase/csv_processor.go:144.52,146.6 1 0
data-processing/internal/usecase/csv_processor.go:147.5,147.22 1 0
data-processing/internal/usecase/csv_processor.go:152.3,152.63 1 0
data-processing/internal/usecase/csv_processor.go:152.63,156.27 3 0
data-processing/internal/usecase/csv_processor.go:156.27,167.5 1 0
data-processing/internal/usecase/csv_processor.go:172.2,172.20 1 0
data-processing/internal/usecase/csv_processor.go:172.20,173.50 1 0
data-processing/internal/usecase/csv_processor.go:173.50,175.4 1 0
data-processing/internal/usecase/csv_processor.go:178.2,178.24 1 0
data-processing/internal/usecase/csv_processor.go:186.3,189.24 2 1
data-processing/internal/usecase/csv_processor.go:189.24,192.3 2 2
data-processing/internal/usecase/csv_processor.go:195.91,200.16 3 6
data-processing/internal/usecase/csv_processor.go:200.16,207.3 1 1
data-processing/internal/usecase/csv_processor.go:210.2,211.16 2 5
data-processing/internal/usecase/csv_processor.go:211.16,218.3 1 1
data-processing/internal/usecase/csv_processor.go:220.2,221.21 2 4
data-processing/internal/usecase/csv_processor.go:221.21,225.3 3 1
data-processing/internal/usecase/csv_processor.go:227.2,232.3 1 4
data-processing/internal/usecase/csv_processor.go:235.99,237.16 2 12
data-processing/internal/usecase/csv_processor.go:237.16,239.3 1 2
data-processing/internal/usecase/csv_processor.go:241.2,242.16 2 10
data-processing/internal/usecase/csv_processor.go:242.16,244.3 1 1
data-processing/internal/usecase/csv_processor.go:246.2,247.16 2 9
data-processing/internal/usecase/csv_processor.go:247.16,249.3 1 1
data-processing/internal/usecase/csv_processor.go:251.2,252.16 2 8
data-processing/internal/usecase/csv_processor.go:252.16,254.3 1 1
data-processing/internal/usecase/csv_processor.go:256.2,256.23 1 7
data-processing/internal/usecase/csv_processor.go:256.23,258.3 1 1
data-processing/internal/usecase/csv_processor.go:260.2,275.8 1 6
